14:58:28.934 [com.dw.pos%002edongwang%002emapper%002e%0050os%0041tt%004dapper.data] ERROR n.s.e.store.disk.DiskStorageFactory DiskStorageFactory.java:495 call - Disk Write of 1237839334:1798902215:com.dw.mapper.PosAttMapper.queryListByHeadCode:0:2147483647:SELECT * FROM tb_pos_att WHERE A_GROUP=? ORDER BY CODE:004:development failed:
java.io.NotSerializableException: com.dw.dto.PosAttDto
	at java.io.ObjectOutputStream.writeObject0(ObjectOutputStream.java:1184)
	at java.io.ObjectOutputStream.writeObject(ObjectOutputStream.java:348)
	at java.util.ArrayList.writeObject(ArrayList.java:762)
	at sun.reflect.NativeMethodAccessorImpl.invoke0(Native Method)
	at sun.reflect.NativeMethodAccessorImpl.invoke(NativeMethodAccessorImpl.java:62)
	at sun.reflect.DelegatingMethodAccessorImpl.invoke(DelegatingMethodAccessorImpl.java:43)
	at java.lang.reflect.Method.invoke(Method.java:498)
	at java.io.ObjectStreamClass.invokeWriteObject(ObjectStreamClass.java:1028)
	at java.io.ObjectOutputStream.writeSerialData(ObjectOutputStream.java:1496)
	at java.io.ObjectOutputStream.writeOrdinaryObject(ObjectOutputStream.java:1432)
	at java.io.ObjectOutputStream.writeObject0(ObjectOutputStream.java:1178)
	at java.io.ObjectOutputStream.defaultWriteFields(ObjectOutputStream.java:1548)
	at java.io.ObjectOutputStream.defaultWriteObject(ObjectOutputStream.java:441)
	at net.sf.ehcache.Element.writeObject(Element.java:835)
	at sun.reflect.NativeMethodAccessorImpl.invoke0(Native Method)
	at sun.reflect.NativeMethodAccessorImpl.invoke(NativeMethodAccessorImpl.java:62)
	at sun.reflect.DelegatingMethodAccessorImpl.invoke(DelegatingMethodAccessorImpl.java:43)
	at java.lang.reflect.Method.invoke(Method.java:498)
	at java.io.ObjectStreamClass.invokeWriteObject(ObjectStreamClass.java:1028)
	at java.io.ObjectOutputStream.writeSerialData(ObjectOutputStream.java:1496)
	at java.io.ObjectOutputStream.writeOrdinaryObject(ObjectOutputStream.java:1432)
	at java.io.ObjectOutputStream.writeObject0(ObjectOutputStream.java:1178)
	at java.io.ObjectOutputStream.writeObject(ObjectOutputStream.java:348)
	at net.sf.ehcache.util.MemoryEfficientByteArrayOutputStream.serialize(MemoryEfficientByteArrayOutputStream.java:97)
	at net.sf.ehcache.store.disk.DiskStorageFactory.serializeElement(DiskStorageFactory.java:405)
	at net.sf.ehcache.store.disk.DiskStorageFactory.write(DiskStorageFactory.java:384)
	at net.sf.ehcache.store.disk.DiskStorageFactory$DiskWriteTask.call(DiskStorageFactory.java:485)
	at net.sf.ehcache.store.disk.DiskStorageFactory$PersistentDiskWriteTask.call(DiskStorageFactory.java:1088)
	at net.sf.ehcache.store.disk.DiskStorageFactory$PersistentDiskWriteTask.call(DiskStorageFactory.java:1072)
	at java.util.concurrent.FutureTask.run$$$capture(FutureTask.java:266)
	at java.util.concurrent.FutureTask.run(FutureTask.java)
	at java.util.concurrent.ScheduledThreadPoolExecutor$ScheduledFutureTask.access$201(ScheduledThreadPoolExecutor.java:180)
	at java.util.concurrent.ScheduledThreadPoolExecutor$ScheduledFutureTask.run(ScheduledThreadPoolExecutor.java:293)
	at java.util.concurrent.ThreadPoolExecutor.runWorker(ThreadPoolExecutor.java:1142)
	at java.util.concurrent.ThreadPoolExecutor$Worker.run(ThreadPoolExecutor.java:617)
	at java.lang.Thread.run(Thread.java:745)
14:58:28.950 [com.dw.pos%002edongwang%002emapper%002e%0050os%0041tt%004dapper.data] ERROR n.s.e.store.disk.DiskStorageFactory DiskStorageFactory.java:495 call - Disk Write of 1229308244:1798856101:com.dw.mapper.PosAttMapper.queryListByHeadCode:0:2147483647:SELECT * FROM tb_pos_att WHERE A_GROUP=? ORDER BY CODE:0B:development failed:
java.io.NotSerializableException: com.dw.dto.PosAttDto
	at java.io.ObjectOutputStream.writeObject0(ObjectOutputStream.java:1184)
	at java.io.ObjectOutputStream.writeObject(ObjectOutputStream.java:348)
	at java.util.ArrayList.writeObject(ArrayList.java:762)
	at sun.reflect.NativeMethodAccessorImpl.invoke0(Native Method)
	at sun.reflect.NativeMethodAccessorImpl.invoke(NativeMethodAccessorImpl.java:62)
	at sun.reflect.DelegatingMethodAccessorImpl.invoke(DelegatingMethodAccessorImpl.java:43)
	at java.lang.reflect.Method.invoke(Method.java:498)
	at java.io.ObjectStreamClass.invokeWriteObject(ObjectStreamClass.java:1028)
	at java.io.ObjectOutputStream.writeSerialData(ObjectOutputStream.java:1496)
	at java.io.ObjectOutputStream.writeOrdinaryObject(ObjectOutputStream.java:1432)
	at java.io.ObjectOutputStream.writeObject0(ObjectOutputStream.java:1178)
	at java.io.ObjectOutputStream.defaultWriteFields(ObjectOutputStream.java:1548)
	at java.io.ObjectOutputStream.defaultWriteObject(ObjectOutputStream.java:441)
	at net.sf.ehcache.Element.writeObject(Element.java:835)
	at sun.reflect.NativeMethodAccessorImpl.invoke0(Native Method)
	at sun.reflect.NativeMethodAccessorImpl.invoke(NativeMethodAccessorImpl.java:62)
	at sun.reflect.DelegatingMethodAccessorImpl.invoke(DelegatingMethodAccessorImpl.java:43)
	at java.lang.reflect.Method.invoke(Method.java:498)
	at java.io.ObjectStreamClass.invokeWriteObject(ObjectStreamClass.java:1028)
	at java.io.ObjectOutputStream.writeSerialData(ObjectOutputStream.java:1496)
	at java.io.ObjectOutputStream.writeOrdinaryObject(ObjectOutputStream.java:1432)
	at java.io.ObjectOutputStream.writeObject0(ObjectOutputStream.java:1178)
	at java.io.ObjectOutputStream.writeObject(ObjectOutputStream.java:348)
	at net.sf.ehcache.util.MemoryEfficientByteArrayOutputStream.serialize(MemoryEfficientByteArrayOutputStream.java:97)
	at net.sf.ehcache.store.disk.DiskStorageFactory.serializeElement(DiskStorageFactory.java:405)
	at net.sf.ehcache.store.disk.DiskStorageFactory.write(DiskStorageFactory.java:384)
	at net.sf.ehcache.store.disk.DiskStorageFactory$DiskWriteTask.call(DiskStorageFactory.java:485)
	at net.sf.ehcache.store.disk.DiskStorageFactory$PersistentDiskWriteTask.call(DiskStorageFactory.java:1088)
	at net.sf.ehcache.store.disk.DiskStorageFactory$PersistentDiskWriteTask.call(DiskStorageFactory.java:1072)
	at java.util.concurrent.FutureTask.run$$$capture(FutureTask.java:266)
	at java.util.concurrent.FutureTask.run(FutureTask.java)
	at java.util.concurrent.ScheduledThreadPoolExecutor$ScheduledFutureTask.access$201(ScheduledThreadPoolExecutor.java:180)
	at java.util.concurrent.ScheduledThreadPoolExecutor$ScheduledFutureTask.run(ScheduledThreadPoolExecutor.java:293)
	at java.util.concurrent.ThreadPoolExecutor.runWorker(ThreadPoolExecutor.java:1142)
	at java.util.concurrent.ThreadPoolExecutor$Worker.run(ThreadPoolExecutor.java:617)
	at java.lang.Thread.run(Thread.java:745)
14:58:28.953 [com.dw.pos%002edongwang%002emapper%002e%0050os%0041tt%004dapper.data] ERROR n.s.e.store.disk.DiskStorageFactory DiskStorageFactory.java:495 call - Disk Write of 1229308614:1798856103:com.dw.mapper.PosAttMapper.queryListByHeadCode:0:2147483647:SELECT * FROM tb_pos_att WHERE A_GROUP=? ORDER BY CODE:0D:development failed:
java.io.NotSerializableException: com.dw.dto.PosAttDto
	at java.io.ObjectOutputStream.writeObject0(ObjectOutputStream.java:1184)
	at java.io.ObjectOutputStream.writeObject(ObjectOutputStream.java:348)
	at java.util.ArrayList.writeObject(ArrayList.java:762)
	at sun.reflect.NativeMethodAccessorImpl.invoke0(Native Method)
	at sun.reflect.NativeMethodAccessorImpl.invoke(NativeMethodAccessorImpl.java:62)
	at sun.reflect.DelegatingMethodAccessorImpl.invoke(DelegatingMethodAccessorImpl.java:43)
	at java.lang.reflect.Method.invoke(Method.java:498)
	at java.io.ObjectStreamClass.invokeWriteObject(ObjectStreamClass.java:1028)
	at java.io.ObjectOutputStream.writeSerialData(ObjectOutputStream.java:1496)
	at java.io.ObjectOutputStream.writeOrdinaryObject(ObjectOutputStream.java:1432)
	at java.io.ObjectOutputStream.writeObject0(ObjectOutputStream.java:1178)
	at java.io.ObjectOutputStream.defaultWriteFields(ObjectOutputStream.java:1548)
	at java.io.ObjectOutputStream.defaultWriteObject(ObjectOutputStream.java:441)
	at net.sf.ehcache.Element.writeObject(Element.java:835)
	at sun.reflect.NativeMethodAccessorImpl.invoke0(Native Method)
	at sun.reflect.NativeMethodAccessorImpl.invoke(NativeMethodAccessorImpl.java:62)
	at sun.reflect.DelegatingMethodAccessorImpl.invoke(DelegatingMethodAccessorImpl.java:43)
	at java.lang.reflect.Method.invoke(Method.java:498)
	at java.io.ObjectStreamClass.invokeWriteObject(ObjectStreamClass.java:1028)
	at java.io.ObjectOutputStream.writeSerialData(ObjectOutputStream.java:1496)
	at java.io.ObjectOutputStream.writeOrdinaryObject(ObjectOutputStream.java:1432)
	at java.io.ObjectOutputStream.writeObject0(ObjectOutputStream.java:1178)
	at java.io.ObjectOutputStream.writeObject(ObjectOutputStream.java:348)
	at net.sf.ehcache.util.MemoryEfficientByteArrayOutputStream.serialize(MemoryEfficientByteArrayOutputStream.java:97)
	at net.sf.ehcache.store.disk.DiskStorageFactory.serializeElement(DiskStorageFactory.java:405)
	at net.sf.ehcache.store.disk.DiskStorageFactory.write(DiskStorageFactory.java:384)
	at net.sf.ehcache.store.disk.DiskStorageFactory$DiskWriteTask.call(DiskStorageFactory.java:485)
	at net.sf.ehcache.store.disk.DiskStorageFactory$PersistentDiskWriteTask.call(DiskStorageFactory.java:1088)
	at net.sf.ehcache.store.disk.DiskStorageFactory$PersistentDiskWriteTask.call(DiskStorageFactory.java:1072)
	at java.util.concurrent.FutureTask.run$$$capture(FutureTask.java:266)
	at java.util.concurrent.FutureTask.run(FutureTask.java)
	at java.util.concurrent.ScheduledThreadPoolExecutor$ScheduledFutureTask.access$201(ScheduledThreadPoolExecutor.java:180)
	at java.util.concurrent.ScheduledThreadPoolExecutor$ScheduledFutureTask.run(ScheduledThreadPoolExecutor.java:293)
	at java.util.concurrent.ThreadPoolExecutor.runWorker(ThreadPoolExecutor.java:1142)
	at java.util.concurrent.ThreadPoolExecutor$Worker.run(ThreadPoolExecutor.java:617)
	at java.lang.Thread.run(Thread.java:745)
14:58:28.956 [com.dw.pos%002edongwang%002emapper%002e%0050os%0041tt%004dapper.data] ERROR n.s.e.store.disk.DiskStorageFactory DiskStorageFactory.java:495 call - Disk Write of 1229309169:1798856106:com.dw.mapper.PosAttMapper.queryListByHeadCode:0:2147483647:SELECT * FROM tb_pos_att WHERE A_GROUP=? ORDER BY CODE:0G:development failed:
java.io.NotSerializableException: com.dw.dto.PosAttDto
	at java.io.ObjectOutputStream.writeObject0(ObjectOutputStream.java:1184)
	at java.io.ObjectOutputStream.writeObject(ObjectOutputStream.java:348)
	at java.util.ArrayList.writeObject(ArrayList.java:762)
	at sun.reflect.NativeMethodAccessorImpl.invoke0(Native Method)
	at sun.reflect.NativeMethodAccessorImpl.invoke(NativeMethodAccessorImpl.java:62)
	at sun.reflect.DelegatingMethodAccessorImpl.invoke(DelegatingMethodAccessorImpl.java:43)
	at java.lang.reflect.Method.invoke(Method.java:498)
	at java.io.ObjectStreamClass.invokeWriteObject(ObjectStreamClass.java:1028)
	at java.io.ObjectOutputStream.writeSerialData(ObjectOutputStream.java:1496)
	at java.io.ObjectOutputStream.writeOrdinaryObject(ObjectOutputStream.java:1432)
	at java.io.ObjectOutputStream.writeObject0(ObjectOutputStream.java:1178)
	at java.io.ObjectOutputStream.defaultWriteFields(ObjectOutputStream.java:1548)
	at java.io.ObjectOutputStream.defaultWriteObject(ObjectOutputStream.java:441)
	at net.sf.ehcache.Element.writeObject(Element.java:835)
	at sun.reflect.NativeMethodAccessorImpl.invoke0(Native Method)
	at sun.reflect.NativeMethodAccessorImpl.invoke(NativeMethodAccessorImpl.java:62)
	at sun.reflect.DelegatingMethodAccessorImpl.invoke(DelegatingMethodAccessorImpl.java:43)
	at java.lang.reflect.Method.invoke(Method.java:498)
	at java.io.ObjectStreamClass.invokeWriteObject(ObjectStreamClass.java:1028)
	at java.io.ObjectOutputStream.writeSerialData(ObjectOutputStream.java:1496)
	at java.io.ObjectOutputStream.writeOrdinaryObject(ObjectOutputStream.java:1432)
	at java.io.ObjectOutputStream.writeObject0(ObjectOutputStream.java:1178)
	at java.io.ObjectOutputStream.writeObject(ObjectOutputStream.java:348)
	at net.sf.ehcache.util.MemoryEfficientByteArrayOutputStream.serialize(MemoryEfficientByteArrayOutputStream.java:97)
	at net.sf.ehcache.store.disk.DiskStorageFactory.serializeElement(DiskStorageFactory.java:405)
	at net.sf.ehcache.store.disk.DiskStorageFactory.write(DiskStorageFactory.java:384)
	at net.sf.ehcache.store.disk.DiskStorageFactory$DiskWriteTask.call(DiskStorageFactory.java:485)
	at net.sf.ehcache.store.disk.DiskStorageFactory$PersistentDiskWriteTask.call(DiskStorageFactory.java:1088)
	at net.sf.ehcache.store.disk.DiskStorageFactory$PersistentDiskWriteTask.call(DiskStorageFactory.java:1072)
	at java.util.concurrent.FutureTask.run$$$capture(FutureTask.java:266)
	at java.util.concurrent.FutureTask.run(FutureTask.java)
	at java.util.concurrent.ScheduledThreadPoolExecutor$ScheduledFutureTask.access$201(ScheduledThreadPoolExecutor.java:180)
	at java.util.concurrent.ScheduledThreadPoolExecutor$ScheduledFutureTask.run(ScheduledThreadPoolExecutor.java:293)
	at java.util.concurrent.ThreadPoolExecutor.runWorker(ThreadPoolExecutor.java:1142)
	at java.util.concurrent.ThreadPoolExecutor$Worker.run(ThreadPoolExecutor.java:617)
	at java.lang.Thread.run(Thread.java:745)
14:58:28.958 [com.dw.pos%002edongwang%002emapper%002e%0050os%0041tt%004dapper.data] ERROR n.s.e.store.disk.DiskStorageFactory DiskStorageFactory.java:495 call - Disk Write of 1229308429:1798856102:com.dw.mapper.PosAttMapper.queryListByHeadCode:0:2147483647:SELECT * FROM tb_pos_att WHERE A_GROUP=? ORDER BY CODE:0C:development failed:
java.io.NotSerializableException: com.dw.dto.PosAttDto
	at java.io.ObjectOutputStream.writeObject0(ObjectOutputStream.java:1184)
	at java.io.ObjectOutputStream.writeObject(ObjectOutputStream.java:348)
	at java.util.ArrayList.writeObject(ArrayList.java:762)
	at sun.reflect.NativeMethodAccessorImpl.invoke0(Native Method)
	at sun.reflect.NativeMethodAccessorImpl.invoke(NativeMethodAccessorImpl.java:62)
	at sun.reflect.DelegatingMethodAccessorImpl.invoke(DelegatingMethodAccessorImpl.java:43)
	at java.lang.reflect.Method.invoke(Method.java:498)
	at java.io.ObjectStreamClass.invokeWriteObject(ObjectStreamClass.java:1028)
	at java.io.ObjectOutputStream.writeSerialData(ObjectOutputStream.java:1496)
	at java.io.ObjectOutputStream.writeOrdinaryObject(ObjectOutputStream.java:1432)
	at java.io.ObjectOutputStream.writeObject0(ObjectOutputStream.java:1178)
	at java.io.ObjectOutputStream.defaultWriteFields(ObjectOutputStream.java:1548)
	at java.io.ObjectOutputStream.defaultWriteObject(ObjectOutputStream.java:441)
	at net.sf.ehcache.Element.writeObject(Element.java:835)
	at sun.reflect.NativeMethodAccessorImpl.invoke0(Native Method)
	at sun.reflect.NativeMethodAccessorImpl.invoke(NativeMethodAccessorImpl.java:62)
	at sun.reflect.DelegatingMethodAccessorImpl.invoke(DelegatingMethodAccessorImpl.java:43)
	at java.lang.reflect.Method.invoke(Method.java:498)
	at java.io.ObjectStreamClass.invokeWriteObject(ObjectStreamClass.java:1028)
	at java.io.ObjectOutputStream.writeSerialData(ObjectOutputStream.java:1496)
	at java.io.ObjectOutputStream.writeOrdinaryObject(ObjectOutputStream.java:1432)
	at java.io.ObjectOutputStream.writeObject0(ObjectOutputStream.java:1178)
	at java.io.ObjectOutputStream.writeObject(ObjectOutputStream.java:348)
	at net.sf.ehcache.util.MemoryEfficientByteArrayOutputStream.serialize(MemoryEfficientByteArrayOutputStream.java:97)
	at net.sf.ehcache.store.disk.DiskStorageFactory.serializeElement(DiskStorageFactory.java:405)
	at net.sf.ehcache.store.disk.DiskStorageFactory.write(DiskStorageFactory.java:384)
	at net.sf.ehcache.store.disk.DiskStorageFactory$DiskWriteTask.call(DiskStorageFactory.java:485)
	at net.sf.ehcache.store.disk.DiskStorageFactory$PersistentDiskWriteTask.call(DiskStorageFactory.java:1088)
	at net.sf.ehcache.store.disk.DiskStorageFactory$PersistentDiskWriteTask.call(DiskStorageFactory.java:1072)
	at java.util.concurrent.FutureTask.run$$$capture(FutureTask.java:266)
	at java.util.concurrent.FutureTask.run(FutureTask.java)
	at java.util.concurrent.ScheduledThreadPoolExecutor$ScheduledFutureTask.access$201(ScheduledThreadPoolExecutor.java:180)
	at java.util.concurrent.ScheduledThreadPoolExecutor$ScheduledFutureTask.run(ScheduledThreadPoolExecutor.java:293)
	at java.util.concurrent.ThreadPoolExecutor.runWorker(ThreadPoolExecutor.java:1142)
	at java.util.concurrent.ThreadPoolExecutor$Worker.run(ThreadPoolExecutor.java:617)
	at java.lang.Thread.run(Thread.java:745)
14:58:28.963 [com.dw.pos%002edongwang%002emapper%002e%0050os%0041tt%004dapper.data] ERROR n.s.e.store.disk.DiskStorageFactory DiskStorageFactory.java:495 call - Disk Write of 1229309724:1798856109:com.dw.mapper.PosAttMapper.queryListByHeadCode:0:2147483647:SELECT * FROM tb_pos_att WHERE A_GROUP=? ORDER BY CODE:0J:development failed:
java.io.NotSerializableException: com.dw.dto.PosAttDto
	at java.io.ObjectOutputStream.writeObject0(ObjectOutputStream.java:1184)
	at java.io.ObjectOutputStream.writeObject(ObjectOutputStream.java:348)
	at java.util.ArrayList.writeObject(ArrayList.java:762)
	at sun.reflect.NativeMethodAccessorImpl.invoke0(Native Method)
	at sun.reflect.NativeMethodAccessorImpl.invoke(NativeMethodAccessorImpl.java:62)
	at sun.reflect.DelegatingMethodAccessorImpl.invoke(DelegatingMethodAccessorImpl.java:43)
	at java.lang.reflect.Method.invoke(Method.java:498)
	at java.io.ObjectStreamClass.invokeWriteObject(ObjectStreamClass.java:1028)
	at java.io.ObjectOutputStream.writeSerialData(ObjectOutputStream.java:1496)
	at java.io.ObjectOutputStream.writeOrdinaryObject(ObjectOutputStream.java:1432)
	at java.io.ObjectOutputStream.writeObject0(ObjectOutputStream.java:1178)
	at java.io.ObjectOutputStream.defaultWriteFields(ObjectOutputStream.java:1548)
	at java.io.ObjectOutputStream.defaultWriteObject(ObjectOutputStream.java:441)
	at net.sf.ehcache.Element.writeObject(Element.java:835)
	at sun.reflect.NativeMethodAccessorImpl.invoke0(Native Method)
	at sun.reflect.NativeMethodAccessorImpl.invoke(NativeMethodAccessorImpl.java:62)
	at sun.reflect.DelegatingMethodAccessorImpl.invoke(DelegatingMethodAccessorImpl.java:43)
	at java.lang.reflect.Method.invoke(Method.java:498)
	at java.io.ObjectStreamClass.invokeWriteObject(ObjectStreamClass.java:1028)
	at java.io.ObjectOutputStream.writeSerialData(ObjectOutputStream.java:1496)
	at java.io.ObjectOutputStream.writeOrdinaryObject(ObjectOutputStream.java:1432)
	at java.io.ObjectOutputStream.writeObject0(ObjectOutputStream.java:1178)
	at java.io.ObjectOutputStream.writeObject(ObjectOutputStream.java:348)
	at net.sf.ehcache.util.MemoryEfficientByteArrayOutputStream.serialize(MemoryEfficientByteArrayOutputStream.java:97)
	at net.sf.ehcache.store.disk.DiskStorageFactory.serializeElement(DiskStorageFactory.java:405)
	at net.sf.ehcache.store.disk.DiskStorageFactory.write(DiskStorageFactory.java:384)
	at net.sf.ehcache.store.disk.DiskStorageFactory$DiskWriteTask.call(DiskStorageFactory.java:485)
	at net.sf.ehcache.store.disk.DiskStorageFactory$PersistentDiskWriteTask.call(DiskStorageFactory.java:1088)
	at net.sf.ehcache.store.disk.DiskStorageFactory$PersistentDiskWriteTask.call(DiskStorageFactory.java:1072)
	at java.util.concurrent.FutureTask.run$$$capture(FutureTask.java:266)
	at java.util.concurrent.FutureTask.run(FutureTask.java)
	at java.util.concurrent.ScheduledThreadPoolExecutor$ScheduledFutureTask.access$201(ScheduledThreadPoolExecutor.java:180)
	at java.util.concurrent.ScheduledThreadPoolExecutor$ScheduledFutureTask.run(ScheduledThreadPoolExecutor.java:293)
	at java.util.concurrent.ThreadPoolExecutor.runWorker(ThreadPoolExecutor.java:1142)
	at java.util.concurrent.ThreadPoolExecutor$Worker.run(ThreadPoolExecutor.java:617)
	at java.lang.Thread.run(Thread.java:745)
14:58:28.965 [com.dw.pos%002edongwang%002emapper%002e%0050os%0041tt%004dapper.data] ERROR n.s.e.store.disk.DiskStorageFactory DiskStorageFactory.java:495 call - Disk Write of 1229308799:1798856104:com.dw.mapper.PosAttMapper.queryListByHeadCode:0:2147483647:SELECT * FROM tb_pos_att WHERE A_GROUP=? ORDER BY CODE:0E:development failed:
java.io.NotSerializableException: com.dw.dto.PosAttDto
	at java.io.ObjectOutputStream.writeObject0(ObjectOutputStream.java:1184)
	at java.io.ObjectOutputStream.writeObject(ObjectOutputStream.java:348)
	at java.util.ArrayList.writeObject(ArrayList.java:762)
	at sun.reflect.NativeMethodAccessorImpl.invoke0(Native Method)
	at sun.reflect.NativeMethodAccessorImpl.invoke(NativeMethodAccessorImpl.java:62)
	at sun.reflect.DelegatingMethodAccessorImpl.invoke(DelegatingMethodAccessorImpl.java:43)
	at java.lang.reflect.Method.invoke(Method.java:498)
	at java.io.ObjectStreamClass.invokeWriteObject(ObjectStreamClass.java:1028)
	at java.io.ObjectOutputStream.writeSerialData(ObjectOutputStream.java:1496)
	at java.io.ObjectOutputStream.writeOrdinaryObject(ObjectOutputStream.java:1432)
	at java.io.ObjectOutputStream.writeObject0(ObjectOutputStream.java:1178)
	at java.io.ObjectOutputStream.defaultWriteFields(ObjectOutputStream.java:1548)
	at java.io.ObjectOutputStream.defaultWriteObject(ObjectOutputStream.java:441)
	at net.sf.ehcache.Element.writeObject(Element.java:835)
	at sun.reflect.NativeMethodAccessorImpl.invoke0(Native Method)
	at sun.reflect.NativeMethodAccessorImpl.invoke(NativeMethodAccessorImpl.java:62)
	at sun.reflect.DelegatingMethodAccessorImpl.invoke(DelegatingMethodAccessorImpl.java:43)
	at java.lang.reflect.Method.invoke(Method.java:498)
	at java.io.ObjectStreamClass.invokeWriteObject(ObjectStreamClass.java:1028)
	at java.io.ObjectOutputStream.writeSerialData(ObjectOutputStream.java:1496)
	at java.io.ObjectOutputStream.writeOrdinaryObject(ObjectOutputStream.java:1432)
	at java.io.ObjectOutputStream.writeObject0(ObjectOutputStream.java:1178)
	at java.io.ObjectOutputStream.writeObject(ObjectOutputStream.java:348)
	at net.sf.ehcache.util.MemoryEfficientByteArrayOutputStream.serialize(MemoryEfficientByteArrayOutputStream.java:97)
	at net.sf.ehcache.store.disk.DiskStorageFactory.serializeElement(DiskStorageFactory.java:405)
	at net.sf.ehcache.store.disk.DiskStorageFactory.write(DiskStorageFactory.java:384)
	at net.sf.ehcache.store.disk.DiskStorageFactory$DiskWriteTask.call(DiskStorageFactory.java:485)
	at net.sf.ehcache.store.disk.DiskStorageFactory$PersistentDiskWriteTask.call(DiskStorageFactory.java:1088)
	at net.sf.ehcache.store.disk.DiskStorageFactory$PersistentDiskWriteTask.call(DiskStorageFactory.java:1072)
	at java.util.concurrent.FutureTask.run$$$capture(FutureTask.java:266)
	at java.util.concurrent.FutureTask.run(FutureTask.java)
	at java.util.concurrent.ScheduledThreadPoolExecutor$ScheduledFutureTask.access$201(ScheduledThreadPoolExecutor.java:180)
	at java.util.concurrent.ScheduledThreadPoolExecutor$ScheduledFutureTask.run(ScheduledThreadPoolExecutor.java:293)
	at java.util.concurrent.ThreadPoolExecutor.runWorker(ThreadPoolExecutor.java:1142)
	at java.util.concurrent.ThreadPoolExecutor$Worker.run(ThreadPoolExecutor.java:617)
	at java.lang.Thread.run(Thread.java:745)
14:58:28.971 [com.dw.pos%002edongwang%002emapper%002e%0050os%0041tt%004dapper.data] ERROR n.s.e.store.disk.DiskStorageFactory DiskStorageFactory.java:495 call - Disk Write of 1229308984:1798856105:com.dw.mapper.PosAttMapper.queryListByHeadCode:0:2147483647:SELECT * FROM tb_pos_att WHERE A_GROUP=? ORDER BY CODE:0F:development failed:
java.io.NotSerializableException: com.dw.dto.PosAttDto
	at java.io.ObjectOutputStream.writeObject0(ObjectOutputStream.java:1184)
	at java.io.ObjectOutputStream.writeObject(ObjectOutputStream.java:348)
	at java.util.ArrayList.writeObject(ArrayList.java:762)
	at sun.reflect.NativeMethodAccessorImpl.invoke0(Native Method)
	at sun.reflect.NativeMethodAccessorImpl.invoke(NativeMethodAccessorImpl.java:62)
	at sun.reflect.DelegatingMethodAccessorImpl.invoke(DelegatingMethodAccessorImpl.java:43)
	at java.lang.reflect.Method.invoke(Method.java:498)
	at java.io.ObjectStreamClass.invokeWriteObject(ObjectStreamClass.java:1028)
	at java.io.ObjectOutputStream.writeSerialData(ObjectOutputStream.java:1496)
	at java.io.ObjectOutputStream.writeOrdinaryObject(ObjectOutputStream.java:1432)
	at java.io.ObjectOutputStream.writeObject0(ObjectOutputStream.java:1178)
	at java.io.ObjectOutputStream.defaultWriteFields(ObjectOutputStream.java:1548)
	at java.io.ObjectOutputStream.defaultWriteObject(ObjectOutputStream.java:441)
	at net.sf.ehcache.Element.writeObject(Element.java:835)
	at sun.reflect.NativeMethodAccessorImpl.invoke0(Native Method)
	at sun.reflect.NativeMethodAccessorImpl.invoke(NativeMethodAccessorImpl.java:62)
	at sun.reflect.DelegatingMethodAccessorImpl.invoke(DelegatingMethodAccessorImpl.java:43)
	at java.lang.reflect.Method.invoke(Method.java:498)
	at java.io.ObjectStreamClass.invokeWriteObject(ObjectStreamClass.java:1028)
	at java.io.ObjectOutputStream.writeSerialData(ObjectOutputStream.java:1496)
	at java.io.ObjectOutputStream.writeOrdinaryObject(ObjectOutputStream.java:1432)
	at java.io.ObjectOutputStream.writeObject0(ObjectOutputStream.java:1178)
	at java.io.ObjectOutputStream.writeObject(ObjectOutputStream.java:348)
	at net.sf.ehcache.util.MemoryEfficientByteArrayOutputStream.serialize(MemoryEfficientByteArrayOutputStream.java:97)
	at net.sf.ehcache.store.disk.DiskStorageFactory.serializeElement(DiskStorageFactory.java:405)
	at net.sf.ehcache.store.disk.DiskStorageFactory.write(DiskStorageFactory.java:384)
	at net.sf.ehcache.store.disk.DiskStorageFactory$DiskWriteTask.call(DiskStorageFactory.java:485)
	at net.sf.ehcache.store.disk.DiskStorageFactory$PersistentDiskWriteTask.call(DiskStorageFactory.java:1088)
	at net.sf.ehcache.store.disk.DiskStorageFactory$PersistentDiskWriteTask.call(DiskStorageFactory.java:1072)
	at java.util.concurrent.FutureTask.run$$$capture(FutureTask.java:266)
	at java.util.concurrent.FutureTask.run(FutureTask.java)
	at java.util.concurrent.ScheduledThreadPoolExecutor$ScheduledFutureTask.access$201(ScheduledThreadPoolExecutor.java:180)
	at java.util.concurrent.ScheduledThreadPoolExecutor$ScheduledFutureTask.run(ScheduledThreadPoolExecutor.java:293)
	at java.util.concurrent.ThreadPoolExecutor.runWorker(ThreadPoolExecutor.java:1142)
	at java.util.concurrent.ThreadPoolExecutor$Worker.run(ThreadPoolExecutor.java:617)
	at java.lang.Thread.run(Thread.java:745)
14:58:28.989 [com.dw.pos%002edongwang%002emapper%002e%0050os%0041tt%004dapper.data] ERROR n.s.e.store.disk.DiskStorageFactory DiskStorageFactory.java:495 call - Disk Write of 1229308059:1798856100:com.dw.mapper.PosAttMapper.queryListByHeadCode:0:2147483647:SELECT * FROM tb_pos_att WHERE A_GROUP=? ORDER BY CODE:0A:development failed:
java.io.NotSerializableException: com.dw.dto.PosAttDto
	at java.io.ObjectOutputStream.writeObject0(ObjectOutputStream.java:1184)
	at java.io.ObjectOutputStream.writeObject(ObjectOutputStream.java:348)
	at java.util.ArrayList.writeObject(ArrayList.java:762)
	at sun.reflect.GeneratedMethodAccessor64.invoke(Unknown Source)
	at sun.reflect.DelegatingMethodAccessorImpl.invoke(DelegatingMethodAccessorImpl.java:43)
	at java.lang.reflect.Method.invoke(Method.java:498)
	at java.io.ObjectStreamClass.invokeWriteObject(ObjectStreamClass.java:1028)
	at java.io.ObjectOutputStream.writeSerialData(ObjectOutputStream.java:1496)
	at java.io.ObjectOutputStream.writeOrdinaryObject(ObjectOutputStream.java:1432)
	at java.io.ObjectOutputStream.writeObject0(ObjectOutputStream.java:1178)
	at java.io.ObjectOutputStream.defaultWriteFields(ObjectOutputStream.java:1548)
	at java.io.ObjectOutputStream.defaultWriteObject(ObjectOutputStream.java:441)
	at net.sf.ehcache.Element.writeObject(Element.java:835)
	at sun.reflect.NativeMethodAccessorImpl.invoke0(Native Method)
	at sun.reflect.NativeMethodAccessorImpl.invoke(NativeMethodAccessorImpl.java:62)
	at sun.reflect.DelegatingMethodAccessorImpl.invoke(DelegatingMethodAccessorImpl.java:43)
	at java.lang.reflect.Method.invoke(Method.java:498)
	at java.io.ObjectStreamClass.invokeWriteObject(ObjectStreamClass.java:1028)
	at java.io.ObjectOutputStream.writeSerialData(ObjectOutputStream.java:1496)
	at java.io.ObjectOutputStream.writeOrdinaryObject(ObjectOutputStream.java:1432)
	at java.io.ObjectOutputStream.writeObject0(ObjectOutputStream.java:1178)
	at java.io.ObjectOutputStream.writeObject(ObjectOutputStream.java:348)
	at net.sf.ehcache.util.MemoryEfficientByteArrayOutputStream.serialize(MemoryEfficientByteArrayOutputStream.java:97)
	at net.sf.ehcache.store.disk.DiskStorageFactory.serializeElement(DiskStorageFactory.java:405)
	at net.sf.ehcache.store.disk.DiskStorageFactory.write(DiskStorageFactory.java:384)
	at net.sf.ehcache.store.disk.DiskStorageFactory$DiskWriteTask.call(DiskStorageFactory.java:485)
	at net.sf.ehcache.store.disk.DiskStorageFactory$PersistentDiskWriteTask.call(DiskStorageFactory.java:1088)
	at net.sf.ehcache.store.disk.DiskStorageFactory$PersistentDiskWriteTask.call(DiskStorageFactory.java:1072)
	at java.util.concurrent.FutureTask.run$$$capture(FutureTask.java:266)
	at java.util.concurrent.FutureTask.run(FutureTask.java)
	at java.util.concurrent.ScheduledThreadPoolExecutor$ScheduledFutureTask.access$201(ScheduledThreadPoolExecutor.java:180)
	at java.util.concurrent.ScheduledThreadPoolExecutor$ScheduledFutureTask.run(ScheduledThreadPoolExecutor.java:293)
	at java.util.concurrent.ThreadPoolExecutor.runWorker(ThreadPoolExecutor.java:1142)
	at java.util.concurrent.ThreadPoolExecutor$Worker.run(ThreadPoolExecutor.java:617)
	at java.lang.Thread.run(Thread.java:745)
14:58:29.033 [com.dw.pos%002edongwang%002emapper%002e%0050os%0041tt%004dapper.data] ERROR n.s.e.store.disk.DiskStorageFactory DiskStorageFactory.java:495 call - Disk Write of 1229309354:1798856107:com.dw.mapper.PosAttMapper.queryListByHeadCode:0:2147483647:SELECT * FROM tb_pos_att WHERE A_GROUP=? ORDER BY CODE:0H:development failed:
java.io.NotSerializableException: com.dw.dto.PosAttDto
	at java.io.ObjectOutputStream.writeObject0(ObjectOutputStream.java:1184)
	at java.io.ObjectOutputStream.writeObject(ObjectOutputStream.java:348)
	at java.util.ArrayList.writeObject(ArrayList.java:762)
	at sun.reflect.GeneratedMethodAccessor64.invoke(Unknown Source)
	at sun.reflect.DelegatingMethodAccessorImpl.invoke(DelegatingMethodAccessorImpl.java:43)
	at java.lang.reflect.Method.invoke(Method.java:498)
	at java.io.ObjectStreamClass.invokeWriteObject(ObjectStreamClass.java:1028)
	at java.io.ObjectOutputStream.writeSerialData(ObjectOutputStream.java:1496)
	at java.io.ObjectOutputStream.writeOrdinaryObject(ObjectOutputStream.java:1432)
	at java.io.ObjectOutputStream.writeObject0(ObjectOutputStream.java:1178)
	at java.io.ObjectOutputStream.defaultWriteFields(ObjectOutputStream.java:1548)
	at java.io.ObjectOutputStream.defaultWriteObject(ObjectOutputStream.java:441)
	at net.sf.ehcache.Element.writeObject(Element.java:835)
	at sun.reflect.NativeMethodAccessorImpl.invoke0(Native Method)
	at sun.reflect.NativeMethodAccessorImpl.invoke(NativeMethodAccessorImpl.java:62)
	at sun.reflect.DelegatingMethodAccessorImpl.invoke(DelegatingMethodAccessorImpl.java:43)
	at java.lang.reflect.Method.invoke(Method.java:498)
	at java.io.ObjectStreamClass.invokeWriteObject(ObjectStreamClass.java:1028)
	at java.io.ObjectOutputStream.writeSerialData(ObjectOutputStream.java:1496)
	at java.io.ObjectOutputStream.writeOrdinaryObject(ObjectOutputStream.java:1432)
	at java.io.ObjectOutputStream.writeObject0(ObjectOutputStream.java:1178)
	at java.io.ObjectOutputStream.writeObject(ObjectOutputStream.java:348)
	at net.sf.ehcache.util.MemoryEfficientByteArrayOutputStream.serialize(MemoryEfficientByteArrayOutputStream.java:97)
	at net.sf.ehcache.store.disk.DiskStorageFactory.serializeElement(DiskStorageFactory.java:405)
	at net.sf.ehcache.store.disk.DiskStorageFactory.write(DiskStorageFactory.java:384)
	at net.sf.ehcache.store.disk.DiskStorageFactory$DiskWriteTask.call(DiskStorageFactory.java:485)
	at net.sf.ehcache.store.disk.DiskStorageFactory$PersistentDiskWriteTask.call(DiskStorageFactory.java:1088)
	at net.sf.ehcache.store.disk.DiskStorageFactory$PersistentDiskWriteTask.call(DiskStorageFactory.java:1072)
	at java.util.concurrent.FutureTask.run$$$capture(FutureTask.java:266)
	at java.util.concurrent.FutureTask.run(FutureTask.java)
	at java.util.concurrent.ScheduledThreadPoolExecutor$ScheduledFutureTask.access$201(ScheduledThreadPoolExecutor.java:180)
	at java.util.concurrent.ScheduledThreadPoolExecutor$ScheduledFutureTask.run(ScheduledThreadPoolExecutor.java:293)
	at java.util.concurrent.ThreadPoolExecutor.runWorker(ThreadPoolExecutor.java:1142)
	at java.util.concurrent.ThreadPoolExecutor$Worker.run(ThreadPoolExecutor.java:617)
	at java.lang.Thread.run(Thread.java:745)
20:12:53.556 [MLog-Init-Reporter] INFO  com.mchange.v2.log.MLog Slf4jMLog.java:212 log - MLog clients using slf4j logging.
20:12:53.862 [JavaFX Application Thread] INFO  com.mchange.v2.c3p0.C3P0Registry Slf4jMLog.java:212 log - Initializing c3p0-0.9.5.2 [built 08-December-2015 22:06:04 -0800; debug? true; trace: 10]
20:12:54.246 [JavaFX Application Thread] INFO  c.m.v.c.i.AbstractPoolBackedDataSource Slf4jMLog.java:212 log - Initializing c3p0 pool... com.mchange.v2.c3p0.ComboPooledDataSource [ acquireIncrement -> 5, acquireRetryAttempts -> 30, acquireRetryDelay -> 1000, autoCommitOnClose -> false, automaticTestTable -> null, breakAfterAcquireFailure -> false, checkoutTimeout -> 0, connectionCustomizerClassName -> null, connectionTesterClassName -> com.mchange.v2.c3p0.impl.DefaultConnectionTester, contextClassLoaderSource -> caller, dataSourceName -> 1hgeipn9u1pjpr4sp1y7pv|1197b01, debugUnreturnedConnectionStackTraces -> false, description -> null, driverClass -> com.mysql.jdbc.Driver, extensions -> {}, factoryClassLocation -> null, forceIgnoreUnresolvedTransactions -> false, forceSynchronousCheckins -> false, forceUseNamedDriverClass -> false, identityToken -> 1hgeipn9u1pjpr4sp1y7pv|1197b01, idleConnectionTestPeriod -> 18000, initialPoolSize -> 3, jdbcUrl -> jdbc:mysql://39.108.222.121:3906/dwpos_branch, maxAdministrativeTaskTime -> 0, maxConnectionAge -> 0, maxIdleTime -> 30, maxIdleTimeExcessConnections -> 0, maxPoolSize -> 10, maxStatements -> 500, maxStatementsPerConnection -> 50, minPoolSize -> 3, numHelperThreads -> 5, preferredTestQuery -> null, privilegeSpawnedThreads -> false, properties -> {user=******, password=******}, propertyCycle -> 0, statementCacheNumDeferredCloseThreads -> 0, testConnectionOnCheckin -> true, testConnectionOnCheckout -> false, unreturnedConnectionTimeout -> 0, userOverrides -> {}, usesTraditionalReflectiveProxies -> false ]
20:13:43.527 [MLog-Init-Reporter] INFO  com.mchange.v2.log.MLog Slf4jMLog.java:212 log - MLog clients using slf4j logging.
20:13:43.643 [JavaFX Application Thread] INFO  com.mchange.v2.c3p0.C3P0Registry Slf4jMLog.java:212 log - Initializing c3p0-0.9.5.2 [built 08-December-2015 22:06:04 -0800; debug? true; trace: 10]
20:13:44.032 [JavaFX Application Thread] INFO  c.m.v.c.i.AbstractPoolBackedDataSource Slf4jMLog.java:212 log - Initializing c3p0 pool... com.mchange.v2.c3p0.ComboPooledDataSource [ acquireIncrement -> 5, acquireRetryAttempts -> 30, acquireRetryDelay -> 1000, autoCommitOnClose -> false, automaticTestTable -> null, breakAfterAcquireFailure -> false, checkoutTimeout -> 0, connectionCustomizerClassName -> null, connectionTesterClassName -> com.mchange.v2.c3p0.impl.DefaultConnectionTester, contextClassLoaderSource -> caller, dataSourceName -> 1hgeipn9u1pjqtjfvwlmu|60bee139, debugUnreturnedConnectionStackTraces -> false, description -> null, driverClass -> com.mysql.jdbc.Driver, extensions -> {}, factoryClassLocation -> null, forceIgnoreUnresolvedTransactions -> false, forceSynchronousCheckins -> false, forceUseNamedDriverClass -> false, identityToken -> 1hgeipn9u1pjqtjfvwlmu|60bee139, idleConnectionTestPeriod -> 18000, initialPoolSize -> 3, jdbcUrl -> jdbc:mysql://39.108.222.121:3906/dwpos_branch, maxAdministrativeTaskTime -> 0, maxConnectionAge -> 0, maxIdleTime -> 30, maxIdleTimeExcessConnections -> 0, maxPoolSize -> 10, maxStatements -> 500, maxStatementsPerConnection -> 50, minPoolSize -> 3, numHelperThreads -> 5, preferredTestQuery -> null, privilegeSpawnedThreads -> false, properties -> {user=******, password=******}, propertyCycle -> 0, statementCacheNumDeferredCloseThreads -> 0, testConnectionOnCheckin -> true, testConnectionOnCheckout -> false, unreturnedConnectionTimeout -> 0, userOverrides -> {}, usesTraditionalReflectiveProxies -> false ]
